<?xml version="1.0" encoding="UTF-8"?>
<!-- Generated by org.testng.reporters.JUnitReportReporter -->
<testsuite hostname="Vasanth" failures="0" tests="1" name="p29.Demo1" time="35.249" errors="0" timestamp="02 Mar 2022 15:42:35 GMT" skipped="0">
  <testcase classname="p29.Demo1" name="testA" time="35.249"/>
</testsuite> <!-- p29.Demo1 -->
