<?xml version="1.0" encoding="UTF-8"?>
<!-- Generated by org.testng.reporters.JUnitReportReporter -->
<testsuite hostname="Vasanth" failures="0" tests="1" name="script.Test1" time="22.994" errors="0" timestamp="07 Mar 2022 03:40:56 GMT" skipped="0">
  <testcase classname="script.Test1" name="testA" time="22.994"/>
</testsuite> <!-- script.Test1 -->
