<?xml version="1.0" encoding="UTF-8"?>
<!-- Generated by org.testng.reporters.JUnitReportReporter -->
<testsuite hostname="Vasanth" failures="0" tests="1" name="script.Test1" time="34.332" errors="0" timestamp="07 Mar 2022 02:44:10 GMT" skipped="0">
  <testcase classname="script.Test1" name="testA" time="34.332"/>
</testsuite> <!-- script.Test1 -->
