<?xml version="1.0" encoding="UTF-8"?>
<!-- Generated by org.testng.reporters.JUnitReportReporter -->
<testsuite hostname="Vasanth" failures="0" tests="1" name="script.ValidLogin" time="24.636" errors="0" timestamp="07 Mar 2022 04:08:58 GMT" skipped="0">
  <testcase classname="script.ValidLogin" name="testValidLogin" time="24.636"/>
</testsuite> <!-- script.ValidLogin -->
