<?xml version="1.0" encoding="UTF-8"?>
<!-- Generated by org.testng.reporters.JUnitReportReporter -->
<testsuite hostname="Vasanth" failures="0" tests="2" name="script.ValidLogin" time="91.579" errors="0" timestamp="09 Mar 2022 03:54:34 GMT" skipped="0">
  <testcase classname="script.ValidLogin" name="testValidLogin" time="51.779"/>
  <testcase classname="script.ValidLogin" name="testValidLogin" time="39.800"/>
</testsuite> <!-- script.ValidLogin -->
