<?xml version="1.0" encoding="UTF-8"?>
<!-- Generated by org.testng.reporters.JUnitReportReporter -->
<testsuite hostname="Vasanth" failures="0" tests="2" name="script.InvalidLogin" time="131.946" errors="0" timestamp="09 Mar 2022 03:54:34 GMT" skipped="0">
  <testcase classname="script.InvalidLogin" name="testInvalidLogin" time="103.116"/>
  <testcase classname="script.InvalidLogin" name="testInvalidLogin" time="28.830"/>
</testsuite> <!-- script.InvalidLogin -->
